Drill report for /home/mwolf/src/tomato-timer/pcb/tomato_timer.kicad_pcb
Created on Fri 08 Feb 2019 09:41:18 AM CST

Copper Layer Stackup:
    =============================================================
    L1 :  F.Cu                      front
    L2 :  B.Cu                      back


Drill file 'tomato_timer-PTH.drl' contains
    plated through holes:
    =============================================================
    T1  0.40mm  0.016"  (21 holes)
    T2  0.70mm  0.028"  (2 holes)
    T3  0.76mm  0.030"  (4 holes)
    T4  0.80mm  0.031"  (19 holes)
    T5  0.85mm  0.033"  (4 holes)
    T6  1.00mm  0.039"  (7 holes)  (with 3 slots)
    T7  1.02mm  0.040"  (42 holes)
    T8  1.10mm  0.043"  (12 holes)

    Total plated holes count 111


Drill file 'tomato_timer-NPTH.drl' contains
    unplated through holes:
    =============================================================
    T1  3.17mm  0.125"  (4 holes)

    Total unplated holes count 4
